[debug] [2025-08-30T21:09:16.435Z] ----------------------------------------------------------------------
[debug] [2025-08-30T21:09:16.438Z] Command:       C:\Program Files\nodejs\node.exe C:\Users\Anubis\AppData\Roaming\npm\node_modules\firebase-tools\lib\bin\firebase.js emulators:start --only functions
[debug] [2025-08-30T21:09:16.438Z] CLI Version:   14.14.0
[debug] [2025-08-30T21:09:16.438Z] Platform:      win32
[debug] [2025-08-30T21:09:16.438Z] Node Version:  v22.19.0
[debug] [2025-08-30T21:09:16.438Z] Time:          Sat Aug 30 2025 23:09:16 GMT+0200 (Central European Summer Time)
[debug] [2025-08-30T21:09:16.439Z] ----------------------------------------------------------------------
[debug] 
[debug] [2025-08-30T21:09:16.719Z] > command requires scopes: ["email","openid","https://www.googleapis.com/auth/cloudplatformprojects.readonly","https://www.googleapis.com/auth/firebase","https://www.googleapis.com/auth/cloud-platform"]
[debug] [2025-08-30T21:09:16.719Z] > authorizing via signed-in user (kango666@gmail.com)
[info] i  emulators: Starting emulators: functions {"metadata":{"emulator":{"name":"hub"},"message":"Starting emulators: functions"}}
[debug] [2025-08-30T21:09:16.729Z] [logging] Logging Emulator only supports listening on one address (127.0.0.1). Not listening on ::1
[debug] [2025-08-30T21:09:16.729Z] assigned listening specs for emulators {"user":{"hub":[{"address":"127.0.0.1","family":"IPv4","port":4400},{"address":"::1","family":"IPv6","port":4400}],"ui":[{"address":"127.0.0.1","family":"IPv4","port":4000},{"address":"::1","family":"IPv6","port":4000}],"logging":[{"address":"127.0.0.1","family":"IPv4","port":4500}]},"metadata":{"message":"assigned listening specs for emulators"}}
[debug] [2025-08-30T21:09:16.735Z] [hub] writing locator at C:\Users\Anubis\AppData\Local\Temp\hub-gpt1-77ce0.json
[debug] [2025-08-30T21:09:16.753Z] [functions] Functions Emulator only supports listening on one address (127.0.0.1). Not listening on ::1
[debug] [2025-08-30T21:09:16.754Z] [eventarc] Eventarc Emulator only supports listening on one address (127.0.0.1). Not listening on ::1
[debug] [2025-08-30T21:09:16.754Z] [tasks] Cloud Tasks Emulator only supports listening on one address (127.0.0.1). Not listening on ::1
[debug] [2025-08-30T21:09:16.754Z] late-assigned ports for functions and eventarc emulators {"user":{"hub":[{"address":"127.0.0.1","family":"IPv4","port":4400},{"address":"::1","family":"IPv6","port":4400}],"ui":[{"address":"127.0.0.1","family":"IPv4","port":4000},{"address":"::1","family":"IPv6","port":4000}],"logging":[{"address":"127.0.0.1","family":"IPv4","port":4500}],"functions":[{"address":"127.0.0.1","family":"IPv4","port":5001}],"eventarc":[{"address":"127.0.0.1","family":"IPv4","port":9299}],"tasks":[{"address":"127.0.0.1","family":"IPv4","port":9499}]},"metadata":{"message":"late-assigned ports for functions and eventarc emulators"}}
[warn] !  functions: The following emulators are not running, calls to these services from the Functions emulator will affect production: apphosting, auth, firestore, database, hosting, pubsub, storage, dataconnect {"metadata":{"emulator":{"name":"functions"},"message":"The following emulators are not running, calls to these services from the Functions emulator will affect production: \u001b[1mapphosting, auth, firestore, database, hosting, pubsub, storage, dataconnect\u001b[22m"}}
[debug] [2025-08-30T21:09:16.786Z] defaultcredentials: writing to file C:\Users\Anubis\AppData\Roaming\firebase\kango666_gmail_com_application_default_credentials.json
[debug] [2025-08-30T21:09:16.787Z] Setting GAC to C:\Users\Anubis\AppData\Roaming\firebase\kango666_gmail_com_application_default_credentials.json {"metadata":{"emulator":{"name":"functions"},"message":"Setting GAC to C:\\Users\\Anubis\\AppData\\Roaming\\firebase\\kango666_gmail_com_application_default_credentials.json"}}
[debug] [2025-08-30T21:09:16.788Z] Checked if tokens are valid: true, expires at: 1756589092884
[debug] [2025-08-30T21:09:16.788Z] Checked if tokens are valid: true, expires at: 1756589092884
[debug] [2025-08-30T21:09:16.789Z] >>> [apiv2][query] GET https://firebase.googleapis.com/v1beta1/projects/gpt1-77ce0/adminSdkConfig [none]
[debug] [2025-08-30T21:09:17.212Z] <<< [apiv2][status] GET https://firebase.googleapis.com/v1beta1/projects/gpt1-77ce0/adminSdkConfig 200
[debug] [2025-08-30T21:09:17.212Z] <<< [apiv2][body] GET https://firebase.googleapis.com/v1beta1/projects/gpt1-77ce0/adminSdkConfig {"projectId":"gpt1-77ce0","storageBucket":"gpt1-77ce0.firebasestorage.app"}
[info] i  functions: Watching "D:\Projects\DocVault\functions" for Cloud Functions... {"metadata":{"emulator":{"name":"functions"},"message":"Watching \"D:\\Projects\\DocVault\\functions\" for Cloud Functions..."}}
[debug] [2025-08-30T21:09:17.262Z] Validating nodejs source
[warn] !  functions: package.json indicates an outdated version of firebase-functions. Please upgrade using npm install --save firebase-functions@latest in your functions directory. 
[warn] !  functions: Please note that there will be breaking changes when you upgrade. 
[debug] [2025-08-30T21:09:18.172Z] > [functions] package.json contents: {
  "name": "functions",
  "description": "Cloud Functions for Firebase",
  "scripts": {
    "lint": "eslint .",
    "serve": "firebase emulators:start --only functions",
    "shell": "firebase functions:shell",
    "start": "npm run shell",
    "deploy": "firebase deploy --only functions",
    "logs": "firebase functions:log"
  },
  "engines": {
    "node": "18"
  },
  "main": "lib/index.js",
  "dependencies": {
    "cors": "^2.8.5",
    "firebase-admin": "^12.0.0",
    "firebase-functions": "^5.0.0"
  },
  "devDependencies": {
    "@types/cors": "^2.8.19",
    "@typescript-eslint/eslint-plugin": "^7.11.0",
    "@typescript-eslint/parser": "^7.11.0",
    "eslint": "^8.57.0",
    "eslint-config-google": "^0.14.0",
    "eslint-plugin-import": "^2.29.1",
    "typescript": "^5.4.5"
  },
  "private": true
}
[error] !!  functions: Failed to load function definition from source: FirebaseError: There was an error reading functions\package.json:

 functions\lib\index.js does not exist, can't deploy Cloud Functions {"metadata":{"emulator":{"name":"functions"},"message":"Failed to load function definition from source: FirebaseError: There was an error reading functions\\package.json:\n\n functions\\lib\\index.js does not exist, can't deploy Cloud Functions"}}
[info] i  functions: Watching "D:\Projects\DocVault\docvault" for Cloud Functions... {"metadata":{"emulator":{"name":"functions"},"message":"Watching \"D:\\Projects\\DocVault\\docvault\" for Cloud Functions..."}}
[debug] [2025-08-30T21:09:18.176Z] Validating nodejs source
[debug] [2025-08-30T21:09:18.891Z] > [functions] package.json contents: {
  "name": "functions",
  "scripts": {
    "lint": "eslint --ext .js,.ts .",
    "build": "tsc",
    "build:watch": "tsc --watch",
    "serve": "npm run build && firebase emulators:start --only functions",
    "shell": "npm run build && firebase functions:shell",
    "start": "npm run shell",
    "deploy": "firebase deploy --only functions",
    "logs": "firebase functions:log"
  },
  "engines": {
    "node": "22"
  },
  "main": "lib/index.js",
  "dependencies": {
    "@google-cloud/storage": "^7.17.0",
    "@google-cloud/translate": "^9.2.0",
    "@google-cloud/vision": "^5.3.3",
    "cors": "^2.8.5",
    "firebase-admin": "^12.6.0",
    "firebase-functions": "^6.0.1"
  },
  "devDependencies": {
    "@types/cors": "^2.8.19",
    "@typescript-eslint/eslint-plugin": "^5.12.0",
    "@typescript-eslint/parser": "^5.12.0",
    "eslint": "^8.9.0",
    "eslint-config-google": "^0.14.0",
    "eslint-plugin-import": "^2.25.4",
    "firebase-functions-test": "^3.1.0",
    "typescript": "^5.7.3"
  },
  "private": true
}
[debug] [2025-08-30T21:09:18.891Z] Building nodejs source
[debug] [2025-08-30T21:09:18.891Z] Failed to find version of module node: reached end of search path D:\Projects\DocVault\docvault\node_modules
[info] +  functions: Using node@22 from host. 
[debug] [2025-08-30T21:09:18.895Z] Could not find functions.yaml. Must use http discovery
[debug] [2025-08-30T21:09:18.902Z] Found firebase-functions binary at 'D:\Projects\DocVault\docvault\node_modules\.bin\firebase-functions'
[info] Serving at port 8817

[error] !!  functions: Failed to load function definition from source: FirebaseError: User code failed to load. Cannot determine backend specification. Timeout after 10000. See https://firebase.google.com/docs/functions/tips#avoid_deployment_timeouts_during_initialization' {"metadata":{"emulator":{"name":"functions"},"message":"Failed to load function definition from source: FirebaseError: User code failed to load. Cannot determine backend specification. Timeout after 10000. See https://firebase.google.com/docs/functions/tips#avoid_deployment_timeouts_during_initialization'"}}
[debug] [2025-08-30T21:09:37.393Z] Could not find VSCode notification endpoint: FetchError: request to http://localhost:40001/vscode/notify failed, reason: . If you are not running the Firebase Data Connect VSCode extension, this is expected and not an issue.
[info] 
┌─────────────────────────────────────────────────────────────┐
│ ✔  All emulators ready! It is now safe to connect your app. │
│ i  View Emulator UI at http://127.0.0.1:4000/               │
└─────────────────────────────────────────────────────────────┘

┌───────────┬────────────────┬─────────────────────────────────┐
│ Emulator  │ Host:Port      │ View in Emulator UI             │
├───────────┼────────────────┼─────────────────────────────────┤
│ Functions │ 127.0.0.1:5001 │ http://127.0.0.1:4000/functions │
└───────────┴────────────────┴─────────────────────────────────┘
  Emulator Hub host: 127.0.0.1 port: 4400
  Other reserved ports: 4500

Issues? Report them at https://github.com/firebase/firebase-tools/issues and attach the *-debug.log files.
 
[debug] [2025-08-30T21:09:51.101Z] File D:\Projects\DocVault\docvault\src\index.ts changed, reloading triggers {"metadata":{"emulator":{"name":"functions"},"message":"File D:\\Projects\\DocVault\\docvault\\src\\index.ts changed, reloading triggers"}}
[debug] [2025-08-30T21:09:52.111Z] Validating nodejs source
[debug] [2025-08-30T21:09:52.835Z] > [functions] package.json contents: {
  "name": "functions",
  "scripts": {
    "lint": "eslint --ext .js,.ts .",
    "build": "tsc",
    "build:watch": "tsc --watch",
    "serve": "npm run build && firebase emulators:start --only functions",
    "shell": "npm run build && firebase functions:shell",
    "start": "npm run shell",
    "deploy": "firebase deploy --only functions",
    "logs": "firebase functions:log"
  },
  "engines": {
    "node": "22"
  },
  "main": "lib/index.js",
  "dependencies": {
    "@google-cloud/storage": "^7.17.0",
    "@google-cloud/translate": "^9.2.0",
    "@google-cloud/vision": "^5.3.3",
    "cors": "^2.8.5",
    "firebase-admin": "^12.6.0",
    "firebase-functions": "^6.0.1"
  },
  "devDependencies": {
    "@types/cors": "^2.8.19",
    "@typescript-eslint/eslint-plugin": "^5.12.0",
    "@typescript-eslint/parser": "^5.12.0",
    "eslint": "^8.9.0",
    "eslint-config-google": "^0.14.0",
    "eslint-plugin-import": "^2.25.4",
    "firebase-functions-test": "^3.1.0",
    "typescript": "^5.7.3"
  },
  "private": true
}
[debug] [2025-08-30T21:09:52.835Z] Building nodejs source
[debug] [2025-08-30T21:09:52.835Z] Failed to find version of module node: reached end of search path D:\Projects\DocVault\docvault\node_modules
[info] +  functions: Using node@22 from host. 
[debug] [2025-08-30T21:09:52.836Z] Could not find functions.yaml. Must use http discovery
[debug] [2025-08-30T21:09:52.844Z] Found firebase-functions binary at 'D:\Projects\DocVault\docvault\node_modules\.bin\firebase-functions'
[info] Serving at port 8490

[debug] [2025-08-30T21:09:53.266Z] Got response from /__/functions.yaml {"endpoints":{},"specVersion":"v1alpha1","requiredAPIs":[],"extensions":{}}
[info] +  functions: Loaded functions definitions from source: . {"metadata":{"emulator":{"name":"functions"},"message":"Loaded functions definitions from source: ."}}
